# JRE version: OpenJDK Runtime Environment Temurin-21.0.8+9 (21.0.8+9) (build 21.0.8+9-LTS)
# Java VM: OpenJDK 64-Bit Server VM Temurin-21.0.8+9 (21.0.8+9-LTS, mixed mode, sharing, tiered, compressed oops, compressed class ptrs, parallel gc, windows-amd64)
GC Precious Log:
 CardTable entry size: 512
 CPUs: 12 total, 12 available
 Memory: 7832M
 Large Page Support: Disabled
 NUMA Support: Disabled
 Compressed Oops: Enabled (32-bit)
 Alignments: Space 512K, Generation 512K, Heap 2M
 Heap Min Capacity: 100M
 Heap Initial Capacity: 100M
 Heap Max Capacity: 2G
 Pre-touch: Disabled
 Parallel Workers: 10
Heap:
 PSYoungGen      total 5632K, used 5370K [0x00000000d5580000, 0x00000000d6480000, 0x0000000100000000)
  eden space 3072K, 91% used [0x00000000d5580000,0x00000000d58411d8,0x00000000d5880000)
  from space 2560K, 99% used [0x00000000d5880000,0x00000000d5afd920,0x00000000d5b00000)
  to   space 5632K, 0% used [0x00000000d5f00000,0x00000000d5f00000,0x00000000d6480000)
 ParOldGen       total 1295360K, used 1295194K [0x0000000080000000, 0x00000000cf100000, 0x00000000d5580000)
  object space 1295360K, 99% used [0x0000000080000000,0x00000000cf0d6b18,0x00000000cf100000)
 Metaspace       used 88184K, committed 89792K, reserved 1179648K
  class space    used 8734K, committed 9472K, reserved 1048576K
GC Heap History (20 events):
Event: 3951.149 GC heap before
{Heap before GC invocations=5467 (full 6):
 PSYoungGen      total 4608K, used 4608K [0x00000000d5580000, 0x00000000d5e00000, 0x0000000100000000)
  eden space 2560K, 100% used [0x00000000d5580000,0x00000000d5800000,0x00000000d5800000)
  from space 2048K, 100% used [0x00000000d5800000,0x00000000d5a00000,0x00000000d5a00000)
  to   space 3072K, 0% used [0x00000000d5b00000,0x00000000d5b00000,0x00000000d5e00000)
 ParOldGen       total 1282560K, used 1282114K [0x0000000080000000, 0x00000000ce480000, 0x00000000d5580000)
  object space 1282560K, 99% used [0x0000000080000000,0x00000000ce410bd8,0x00000000ce480000)
 Metaspace       used 88163K, committed 89728K, reserved 1179648K
  class space    used 8734K, committed 9472K, reserved 1048576K
}
Event: 3951.155 GC heap after
{Heap after GC invocations=5467 (full 6):
 PSYoungGen      total 5632K, used 2662K [0x00000000d5580000, 0x00000000d5e00000, 0x0000000100000000)
  eden space 2560K, 0% used [0x00000000d5580000,0x00000000d5580000,0x00000000d5800000)
  from space 3072K, 86% used [0x00000000d5b00000,0x00000000d5d99920,0x00000000d5e00000)
  to   space 3072K, 0% used [0x00000000d5800000,0x00000000d5800000,0x00000000d5b00000)
 ParOldGen       total 1284096K, used 1284026K [0x0000000080000000, 0x00000000ce600000, 0x00000000d5580000)
  object space 1284096K, 99% used [0x0000000080000000,0x00000000ce5eebd8,0x00000000ce600000)
 Metaspace       used 88163K, committed 89728K, reserved 1179648K
  class space    used 8734K, committed 9472K, reserved 1048576K
}
Event: 3951.181 GC heap before
{Heap before GC invocations=5468 (full 6):
 PSYoungGen      total 5632K, used 5222K [0x00000000d5580000, 0x00000000d5e00000, 0x0000000100000000)
  eden space 2560K, 99% used [0x00000000d5580000,0x00000000d57ffff8,0x00000000d5800000)
  from space 3072K, 86% used [0x00000000d5b00000,0x00000000d5d99920,0x00000000d5e00000)
  to   space 3072K, 0% used [0x00000000d5800000,0x00000000d5800000,0x00000000d5b00000)
 ParOldGen       total 1284096K, used 1284026K [0x0000000080000000, 0x00000000ce600000, 0x00000000d5580000)
  object space 1284096K, 99% used [0x0000000080000000,0x00000000ce5eebd8,0x00000000ce600000)
 Metaspace       used 88163K, committed 89728K, reserved 1179648K
  class space    used 8734K, committed 9472K, reserved 1048576K
}
Event: 3951.186 GC heap after
{Heap after GC invocations=5468 (full 6):
 PSYoungGen      total 4608K, used 1984K [0x00000000d5580000, 0x00000000d5d00000, 0x0000000100000000)
  eden space 2560K, 0% used [0x00000000d5580000,0x00000000d5580000,0x00000000d5800000)
  from space 2048K, 96% used [0x00000000d5800000,0x00000000d59f0010,0x00000000d5a00000)
  to   space 2560K, 0% used [0x00000000d5a80000,0x00000000d5a80000,0x00000000d5d00000)
 ParOldGen       total 1286656K, used 1286609K [0x0000000080000000, 0x00000000ce880000, 0x00000000d5580000)
  object space 1286656K, 99% used [0x0000000080000000,0x00000000ce8744f8,0x00000000ce880000)
 Metaspace       used 88163K, committed 89728K, reserved 1179648K
  class space    used 8734K, committed 9472K, reserved 1048576K
}
Event: 3951.493 GC heap before
{Heap before GC invocations=5469 (full 6):
 PSYoungGen      total 4608K, used 4544K [0x00000000d5580000, 0x00000000d5d00000, 0x0000000100000000)
  eden space 2560K, 100% used [0x00000000d5580000,0x00000000d5800000,0x00000000d5800000)
  from space 2048K, 96% used [0x00000000d5800000,0x00000000d59f0010,0x00000000d5a00000)
  to   space 2560K, 0% used [0x00000000d5a80000,0x00000000d5a80000,0x00000000d5d00000)
 ParOldGen       total 1286656K, used 1286609K [0x0000000080000000, 0x00000000ce880000, 0x00000000d5580000)
  object space 1286656K, 99% used [0x0000000080000000,0x00000000ce8744f8,0x00000000ce880000)
 Metaspace       used 88163K, committed 89728K, reserved 1179648K
  class space    used 8734K, committed 9472K, reserved 1048576K
}
Event: 3951.500 GC heap after
{Heap after GC invocations=5469 (full 6):
 PSYoungGen      total 3072K, used 256K [0x00000000d5580000, 0x00000000d5b00000, 0x0000000100000000)
  eden space 2560K, 0% used [0x00000000d5580000,0x00000000d5580000,0x00000000d5800000)
  from space 512K, 50% used [0x00000000d5a80000,0x00000000d5ac0000,0x00000000d5b00000)
  to   space 1024K, 0% used [0x00000000d5900000,0x00000000d5900000,0x00000000d5a00000)
 ParOldGen       total 1288704K, used 1288249K [0x0000000080000000, 0x00000000cea80000, 0x00000000d5580000)
  object space 1288704K, 99% used [0x0000000080000000,0x00000000cea0e4f8,0x00000000cea80000)
 Metaspace       used 88163K, committed 89728K, reserved 1179648K
  class space    used 8734K, committed 9472K, reserved 1048576K
}
Event: 3951.629 GC heap before
{Heap before GC invocations=5470 (full 6):
 PSYoungGen      total 3072K, used 2816K [0x00000000d5580000, 0x00000000d5b00000, 0x0000000100000000)
  eden space 2560K, 100% used [0x00000000d5580000,0x00000000d5800000,0x00000000d5800000)
  from space 512K, 50% used [0x00000000d5a80000,0x00000000d5ac0000,0x00000000d5b00000)
  to   space 1024K, 0% used [0x00000000d5900000,0x00000000d5900000,0x00000000d5a00000)
 ParOldGen       total 1288704K, used 1288249K [0x0000000080000000, 0x00000000cea80000, 0x00000000d5580000)
  object space 1288704K, 99% used [0x0000000080000000,0x00000000cea0e4f8,0x00000000cea80000)
 Metaspace       used 88163K, committed 89728K, reserved 1179648K
  class space    used 8734K, committed 9472K, reserved 1048576K
}
Event: 3951.633 GC heap after
{Heap after GC invocations=5470 (full 6):
 PSYoungGen      total 3584K, used 256K [0x00000000d5580000, 0x00000000d5b00000, 0x0000000100000000)
  eden space 2560K, 0% used [0x00000000d5580000,0x00000000d5580000,0x00000000d5800000)
  from space 1024K, 25% used [0x00000000d5900000,0x00000000d5940000,0x00000000d5a00000)
  to   space 512K, 0% used [0x00000000d5a80000,0x00000000d5a80000,0x00000000d5b00000)
 ParOldGen       total 1288704K, used 1288313K [0x0000000080000000, 0x00000000cea80000, 0x00000000d5580000)
  object space 1288704K, 99% used [0x0000000080000000,0x00000000cea1e4f8,0x00000000cea80000)
 Metaspace       used 88163K, committed 89728K, reserved 1179648K
  class space    used 8734K, committed 9472K, reserved 1048576K
}
Event: 3951.647 GC heap before
{Heap before GC invocations=5471 (full 6):
 PSYoungGen      total 3584K, used 2816K [0x00000000d5580000, 0x00000000d5b00000, 0x0000000100000000)
  eden space 2560K, 100% used [0x00000000d5580000,0x00000000d5800000,0x00000000d5800000)
  from space 1024K, 25% used [0x00000000d5900000,0x00000000d5940000,0x00000000d5a00000)
  to   space 512K, 0% used [0x00000000d5a80000,0x00000000d5a80000,0x00000000d5b00000)
 ParOldGen       total 1288704K, used 1288313K [0x0000000080000000, 0x00000000cea80000, 0x00000000d5580000)
  object space 1288704K, 99% used [0x0000000080000000,0x00000000cea1e4f8,0x00000000cea80000)
 Metaspace       used 88166K, committed 89728K, reserved 1179648K
  class space    used 8734K, committed 9472K, reserved 1048576K
}
Event: 3951.651 GC heap after
{Heap after GC invocations=5471 (full 6):
 PSYoungGen      total 3072K, used 128K [0x00000000d5580000, 0x00000000d5b00000, 0x0000000100000000)
  eden space 2560K, 0% used [0x00000000d5580000,0x00000000d5580000,0x00000000d5800000)
  from space 512K, 25% used [0x00000000d5a80000,0x00000000d5aa0000,0x00000000d5b00000)
  to   space 512K, 0% used [0x00000000d5a00000,0x00000000d5a00000,0x00000000d5a80000)
 ParOldGen       total 1288704K, used 1288369K [0x0000000080000000, 0x00000000cea80000, 0x00000000d5580000)
  object space 1288704K, 99% used [0x0000000080000000,0x00000000cea2c4f8,0x00000000cea80000)
 Metaspace       used 88166K, committed 89728K, reserved 1179648K
  class space    used 8734K, committed 9472K, reserved 1048576K
}
Event: 3955.442 GC heap before
{Heap before GC invocations=5472 (full 6):
 PSYoungGen      total 3072K, used 2688K [0x00000000d5580000, 0x00000000d5b00000, 0x0000000100000000)
  eden space 2560K, 100% used [0x00000000d5580000,0x00000000d5800000,0x00000000d5800000)
  from space 512K, 25% used [0x00000000d5a80000,0x00000000d5aa0000,0x00000000d5b00000)
  to   space 512K, 0% used [0x00000000d5a00000,0x00000000d5a00000,0x00000000d5a80000)
 ParOldGen       total 1288704K, used 1288369K [0x0000000080000000, 0x00000000cea80000, 0x00000000d5580000)
  object space 1288704K, 99% used [0x0000000080000000,0x00000000cea2c4f8,0x00000000cea80000)
 Metaspace       used 88166K, committed 89728K, reserved 1179648K
  class space    used 8734K, committed 9472K, reserved 1048576K
}
Event: 3955.447 GC heap after
{Heap after GC invocations=5472 (full 6):
 PSYoungGen      total 3072K, used 224K [0x00000000d5580000, 0x00000000d5b00000, 0x0000000100000000)
  eden space 2560K, 0% used [0x00000000d5580000,0x00000000d5580000,0x00000000d5800000)
  from space 512K, 43% used [0x00000000d5a00000,0x00000000d5a38000,0x00000000d5a80000)
  to   space 512K, 0% used [0x00000000d5a80000,0x00000000d5a80000,0x00000000d5b00000)
 ParOldGen       total 1288704K, used 1288393K [0x0000000080000000, 0x00000000cea80000, 0x00000000d5580000)
  object space 1288704K, 99% used [0x0000000080000000,0x00000000cea324f8,0x00000000cea80000)
 Metaspace       used 88166K, committed 89728K, reserved 1179648K
  class space    used 8734K, committed 9472K, reserved 1048576K
}
Event: 3955.482 GC heap before
{Heap before GC invocations=5473 (full 6):
 PSYoungGen      total 3072K, used 2784K [0x00000000d5580000, 0x00000000d5b00000, 0x0000000100000000)
  eden space 2560K, 100% used [0x00000000d5580000,0x00000000d5800000,0x00000000d5800000)
  from space 512K, 43% used [0x00000000d5a00000,0x00000000d5a38000,0x00000000d5a80000)
  to   space 512K, 0% used [0x00000000d5a80000,0x00000000d5a80000,0x00000000d5b00000)
 ParOldGen       total 1288704K, used 1288393K [0x0000000080000000, 0x00000000cea80000, 0x00000000d5580000)
  object space 1288704K, 99% used [0x0000000080000000,0x00000000cea324f8,0x00000000cea80000)
 Metaspace       used 88167K, committed 89728K, reserved 1179648K
  class space    used 8734K, committed 9472K, reserved 1048576K
}
Event: 3955.490 GC heap after
{Heap after GC invocations=5473 (full 6):
 PSYoungGen      total 3072K, used 500K [0x00000000d5580000, 0x00000000d5d00000, 0x0000000100000000)
  eden space 2560K, 0% used [0x00000000d5580000,0x00000000d5580000,0x00000000d5800000)
  from space 512K, 97% used [0x00000000d5a80000,0x00000000d5afd308,0x00000000d5b00000)
  to   space 2560K, 0% used [0x00000000d5800000,0x00000000d5800000,0x00000000d5a80000)
 ParOldGen       total 1290240K, used 1289950K [0x0000000080000000, 0x00000000cec00000, 0x00000000d5580000)
  object space 1290240K, 99% used [0x0000000080000000,0x00000000cebb7800,0x00000000cec00000)
 Metaspace       used 88167K, committed 89728K, reserved 1179648K
  class space    used 8734K, committed 9472K, reserved 1048576K
}
Event: 3955.497 GC heap before
{Heap before GC invocations=5474 (full 6):
 PSYoungGen      total 3072K, used 3060K [0x00000000d5580000, 0x00000000d5d00000, 0x0000000100000000)
  eden space 2560K, 100% used [0x00000000d5580000,0x00000000d5800000,0x00000000d5800000)
  from space 512K, 97% used [0x00000000d5a80000,0x00000000d5afd308,0x00000000d5b00000)
  to   space 2560K, 0% used [0x00000000d5800000,0x00000000d5800000,0x00000000d5a80000)
 ParOldGen       total 1290240K, used 1289950K [0x0000000080000000, 0x00000000cec00000, 0x00000000d5580000)
  object space 1290240K, 99% used [0x0000000080000000,0x00000000cebb7800,0x00000000cec00000)
 Metaspace       used 88167K, committed 89728K, reserved 1179648K
  class space    used 8734K, committed 9472K, reserved 1048576K
}
Event: 3955.502 GC heap after
{Heap after GC invocations=5474 (full 6):
 PSYoungGen      total 5120K, used 2560K [0x00000000d5580000, 0x00000000d5f00000, 0x0000000100000000)
  eden space 2560K, 0% used [0x00000000d5580000,0x00000000d5580000,0x00000000d5800000)
  from space 2560K, 100% used [0x00000000d5800000,0x00000000d5a80000,0x00000000d5a80000)
  to   space 3584K, 0% used [0x00000000d5b80000,0x00000000d5b80000,0x00000000d5f00000)
 ParOldGen       total 1290752K, used 1290522K [0x0000000080000000, 0x00000000cec80000, 0x00000000d5580000)
  object space 1290752K, 99% used [0x0000000080000000,0x00000000cec46b18,0x00000000cec80000)
 Metaspace       used 88167K, committed 89728K, reserved 1179648K
  class space    used 8734K, committed 9472K, reserved 1048576K
}
Event: 3955.511 GC heap before
{Heap before GC invocations=5475 (full 6):
 PSYoungGen      total 5120K, used 4827K [0x00000000d5580000, 0x00000000d5f00000, 0x0000000100000000)
  eden space 2560K, 88% used [0x00000000d5580000,0x00000000d57b6d50,0x00000000d5800000)
  from space 2560K, 100% used [0x00000000d5800000,0x00000000d5a80000,0x00000000d5a80000)
  to   space 3584K, 0% used [0x00000000d5b80000,0x00000000d5b80000,0x00000000d5f00000)
 ParOldGen       total 1290752K, used 1290522K [0x0000000080000000, 0x00000000cec80000, 0x00000000d5580000)
  object space 1290752K, 99% used [0x0000000080000000,0x00000000cec46b18,0x00000000cec80000)
 Metaspace       used 88167K, committed 89728K, reserved 1179648K
  class space    used 8734K, committed 9472K, reserved 1048576K
}
Event: 3955.516 GC heap after
{Heap after GC invocations=5475 (full 6):
 PSYoungGen      total 5120K, used 2048K [0x00000000d5580000, 0x00000000d5d80000, 0x0000000100000000)
  eden space 3072K, 0% used [0x00000000d5580000,0x00000000d5580000,0x00000000d5880000)
  from space 2048K, 100% used [0x00000000d5b80000,0x00000000d5d80000,0x00000000d5d80000)
  to   space 2560K, 0% used [0x00000000d5880000,0x00000000d5880000,0x00000000d5b00000)
 ParOldGen       total 1293312K, used 1293082K [0x0000000080000000, 0x00000000cef00000, 0x00000000d5580000)
  object space 1293312K, 99% used [0x0000000080000000,0x00000000ceec6b18,0x00000000cef00000)
 Metaspace       used 88167K, committed 89728K, reserved 1179648K
  class space    used 8734K, committed 9472K, reserved 1048576K
}
Event: 3955.534 GC heap before
{Heap before GC invocations=5476 (full 6):
 PSYoungGen      total 5120K, used 5120K [0x00000000d5580000, 0x00000000d5d80000, 0x0000000100000000)
  eden space 3072K, 100% used [0x00000000d5580000,0x00000000d5880000,0x00000000d5880000)
  from space 2048K, 100% used [0x00000000d5b80000,0x00000000d5d80000,0x00000000d5d80000)
  to   space 2560K, 0% used [0x00000000d5880000,0x00000000d5880000,0x00000000d5b00000)
 ParOldGen       total 1293312K, used 1293082K [0x0000000080000000, 0x00000000cef00000, 0x00000000d5580000)
  object space 1293312K, 99% used [0x0000000080000000,0x00000000ceec6b18,0x00000000cef00000)
 Metaspace       used 88167K, committed 89728K, reserved 1179648K
  class space    used 8734K, committed 9472K, reserved 1048576K
}
Event: 3955.539 GC heap after
{Heap after GC invocations=5476 (full 6):
 PSYoungGen      total 5632K, used 2550K [0x00000000d5580000, 0x00000000d6480000, 0x0000000100000000)
  eden space 3072K, 0% used [0x00000000d5580000,0x00000000d5580000,0x00000000d5880000)
  from space 2560K, 99% used [0x00000000d5880000,0x00000000d5afd920,0x00000000d5b00000)
  to   space 5632K, 0% used [0x00000000d5f00000,0x00000000d5f00000,0x00000000d6480000)
 ParOldGen       total 1295360K, used 1295194K [0x0000000080000000, 0x00000000cf100000, 0x00000000d5580000)
  object space 1295360K, 99% used [0x0000000080000000,0x00000000cf0d6b18,0x00000000cf100000)
 Metaspace       used 88167K, committed 89728K, reserved 1179648K
  class space    used 8734K, committed 9472K, reserved 1048576K
}

